\BOOKMARK [0][-]{garde.0}{Page de garde}{}% 1
\BOOKMARK [0][-]{tablematieres.0}{Table des mati\350res}{}% 2
\BOOKMARK [0][-]{section*.2}{Liste des figures}{}% 3
\BOOKMARK [0][-]{section*.3}{Liste des tableaux}{}% 4
\BOOKMARK [0][-]{chapter*.4}{Introduction}{}% 5
\BOOKMARK [-1][-]{part.1}{Contexte g\351n\351ral}{}% 6
\BOOKMARK [0][-]{chapter.1}{\311tat de l'art}{part.1}% 7
\BOOKMARK [1][-]{section.1.1}{Introduction}{chapter.1}% 8
\BOOKMARK [1][-]{section.1.2}{Contenu}{chapter.1}% 9
\BOOKMARK [1][-]{section.1.3}{Conclusion}{chapter.1}% 10
\BOOKMARK [0][-]{chapter.2}{M\351thodes}{part.1}% 11
\BOOKMARK [1][-]{section.2.1}{Introduction}{chapter.2}% 12
\BOOKMARK [1][-]{section.2.2}{Contenu}{chapter.2}% 13
\BOOKMARK [1][-]{section.2.3}{Conclusion}{chapter.2}% 14
\BOOKMARK [-1][-]{part.2}{Exp\351rimentations}{}% 15
\BOOKMARK [0][-]{chapter.3}{Corpus}{part.2}% 16
\BOOKMARK [1][-]{section.3.1}{Introduction}{chapter.3}% 17
\BOOKMARK [1][-]{section.3.2}{Contenu}{chapter.3}% 18
\BOOKMARK [1][-]{section.3.3}{Conclusion}{chapter.3}% 19
\BOOKMARK [0][-]{chapter.4}{R\351sultats}{part.2}% 20
\BOOKMARK [1][-]{section.4.1}{Introduction}{chapter.4}% 21
\BOOKMARK [1][-]{section.4.2}{Contenu}{chapter.4}% 22
\BOOKMARK [1][-]{section.4.3}{Conclusion}{chapter.4}% 23
\BOOKMARK [0][-]{chapter.5}{Discussion}{part.2}% 24
\BOOKMARK [1][-]{section.5.1}{Introduction}{chapter.5}% 25
\BOOKMARK [1][-]{section.5.2}{Contenu}{chapter.5}% 26
\BOOKMARK [1][-]{section.5.3}{Conclusion}{chapter.5}% 27
\BOOKMARK [-1][-]{conclusion.-1}{Conclusion g\351n\351rale}{}% 28
\BOOKMARK [0][-]{chapter*.22}{Conclusion g\351n\351rale}{conclusion.-1}% 29
\BOOKMARK [-1][-]{bibliography.-1}{Bibliographie}{}% 30
\BOOKMARK [0][-]{chapter*.23}{Bibliographie}{bibliography.-1}% 31
\BOOKMARK [-1][-]{appendix.-1}{Annexes}{}% 32
\BOOKMARK [0][-]{appendix.A}{lilypond}{appendix.-1}% 33
\BOOKMARK [0][-]{appendix.B}{Principes \340 suivre}{appendix.-1}% 34
\BOOKMARK [1][-]{section.B.1}{Le sujet de votre m\351moire}{appendix.B}% 35
\BOOKMARK [1][-]{section.B.2}{L'encadrement du m\351moire}{appendix.B}% 36
\BOOKMARK [1][-]{section.B.3}{L'\351valuation du m\351moire}{appendix.B}% 37
\BOOKMARK [1][-]{section.B.4}{La d\351marche \340 suivre pour soutenir}{appendix.B}% 38
