\BOOKMARK [0][-]{garde.0}{Page de garde}{}% 1
\BOOKMARK [0][-]{tablematieres.0}{Table des mati\350res}{}% 2
\BOOKMARK [0][-]{section*.2}{Liste des figures}{}% 3
\BOOKMARK [0][-]{section*.3}{Liste des tableaux}{}% 4
\BOOKMARK [0][-]{chapter*.4}{Introduction g\351n\351rale}{}% 5
\BOOKMARK [0][-]{chapter.1}{Contexte}{}% 6
\BOOKMARK [1][-]{section.1.1}{Introduction}{chapter.1}% 7
\BOOKMARK [1][-]{section.1.2}{Musique, TAL et RIM}{chapter.1}% 8
\BOOKMARK [1][-]{section.1.3}{La transcription automatique de la musique}{chapter.1}% 9
\BOOKMARK [1][-]{section.1.4}{La transcription automatique de la batterie}{chapter.1}% 10
\BOOKMARK [1][-]{section.1.5}{Qparse}{chapter.1}% 11
\BOOKMARK [1][-]{section.1.6}{Conclusion}{chapter.1}% 12
\BOOKMARK [0][-]{chapter.2}{\311tat de l\220art}{}% 13
\BOOKMARK [1][-]{section.2.1}{Introduction}{chapter.2}% 14
\BOOKMARK [1][-]{section.2.2}{De l\220audio vers le MIDI}{chapter.2}% 15
\BOOKMARK [1][-]{section.2.3}{Du MIDI vers la partition}{chapter.2}% 16
\BOOKMARK [1][-]{section.2.4}{Approche hi\351rarchique VS approches lin\351aires}{chapter.2}% 17
\BOOKMARK [1][-]{section.2.5}{Du monophonique vers le polyphonique}{chapter.2}% 18
\BOOKMARK [1][-]{section.2.6}{Conclusion}{chapter.2}% 19
\BOOKMARK [0][-]{chapter.3}{M\351thodes et contributions}{}% 20
\BOOKMARK [1][-]{section.3.1}{Introduction}{chapter.3}% 21
\BOOKMARK [1][-]{section.3.2}{G\351n\351ralit\351s}{chapter.3}% 22
\BOOKMARK [1][-]{section.3.3}{Repr\351sentations, syst\350mes et r\351\351criture}{chapter.3}% 23
\BOOKMARK [1][-]{section.3.4}{Conclusion}{chapter.3}% 24
\BOOKMARK [0][-]{chapter.4}{Exp\351rimentations et r\351sultats}{}% 25
\BOOKMARK [1][-]{section.4.1}{Introduction}{chapter.4}% 26
\BOOKMARK [1][-]{section.4.2}{Le corpus}{chapter.4}% 27
\BOOKMARK [1][-]{section.4.3}{Les contributions}{chapter.4}% 28
\BOOKMARK [1][-]{section.4.4}{Choix pour les tests}{chapter.4}% 29
\BOOKMARK [1][-]{section.4.5}{\311valuation}{chapter.4}% 30
\BOOKMARK [1][-]{section.4.6}{Conclusion}{chapter.4}% 31
\BOOKMARK [0][-]{chapter.5}{Discussion}{}% 32
\BOOKMARK [1][-]{section.5.1}{Introduction}{chapter.5}% 33
\BOOKMARK [1][-]{section.5.2}{Contenu}{chapter.5}% 34
\BOOKMARK [1][-]{section.5.3}{Conclusion}{chapter.5}% 35
\BOOKMARK [-1][-]{conclusion.-1}{Conclusion g\351n\351rale}{}% 36
\BOOKMARK [0][-]{chapter*.42}{Conclusion g\351n\351rale}{conclusion.-1}% 37
